TN:
SF:src/ejercicio-2/FileAnalize.ts
FN:20,(anonymous_6)
FN:27,(anonymous_7)
FN:38,(anonymous_8)
FN:54,(anonymous_9)
FN:55,(anonymous_10)
FN:63,(anonymous_11)
FN:66,(anonymous_12)
FN:84,(anonymous_13)
FN:87,(anonymous_14)
FNF:9
FNH:9
FNDA:4,(anonymous_6)
FNDA:9,(anonymous_7)
FNDA:4,(anonymous_8)
FNDA:9,(anonymous_9)
FNDA:9,(anonymous_10)
FNDA:6,(anonymous_11)
FNDA:6,(anonymous_12)
FNDA:17,(anonymous_13)
FNDA:5,(anonymous_14)
DA:2,1
DA:3,1
DA:4,1
DA:16,1
DA:18,4
DA:21,4
DA:24,4
DA:25,4
DA:26,4
DA:27,3
DA:28,9
DA:39,4
DA:40,1
DA:41,1
DA:43,3
DA:55,9
DA:56,9
DA:57,1
DA:58,1
DA:59,1
DA:60,8
DA:61,6
DA:62,6
DA:63,6
DA:64,6
DA:66,6
DA:67,6
DA:68,6
DA:70,2
DA:71,2
DA:73,2
DA:74,2
DA:76,2
DA:77,2
DA:85,17
DA:88,5
LF:36
LH:36
BRDA:26,0,0,3
BRDA:26,0,1,1
BRDA:39,1,0,1
BRDA:39,1,1,3
BRDA:39,2,0,4
BRDA:39,2,1,3
BRDA:56,3,0,1
BRDA:56,3,1,8
BRDA:56,4,0,9
BRDA:56,4,1,3
BRDA:60,5,0,6
BRDA:60,5,1,2
BRDA:69,6,0,2
BRDA:69,6,1,2
BRDA:69,6,2,2
BRDA:69,7,0,6
BRDA:69,7,1,0
BRDA:72,8,0,4
BRDA:72,8,1,0
BRDA:75,9,0,2
BRDA:75,9,1,0
BRF:21
BRH:18
end_of_record
TN:
SF:src/ejercicio-2/FileAnalizePipe.ts
FN:19,(anonymous_6)
FN:26,(anonymous_7)
FN:37,(anonymous_8)
FN:53,(anonymous_9)
FN:54,(anonymous_10)
FN:64,(anonymous_11)
FN:67,(anonymous_12)
FN:85,(anonymous_13)
FN:88,(anonymous_14)
FNF:9
FNH:9
FNDA:4,(anonymous_6)
FNDA:9,(anonymous_7)
FNDA:4,(anonymous_8)
FNDA:9,(anonymous_9)
FNDA:9,(anonymous_10)
FNDA:6,(anonymous_11)
FNDA:6,(anonymous_12)
FNDA:17,(anonymous_13)
FNDA:5,(anonymous_14)
DA:2,1
DA:3,1
DA:4,1
DA:16,1
DA:18,4
DA:20,4
DA:23,4
DA:24,4
DA:25,4
DA:26,3
DA:27,9
DA:38,4
DA:39,1
DA:40,1
DA:42,3
DA:54,9
DA:55,9
DA:56,1
DA:57,1
DA:58,1
DA:59,8
DA:60,6
DA:61,6
DA:62,6
DA:63,6
DA:64,6
DA:65,6
DA:67,6
DA:68,6
DA:69,6
DA:71,2
DA:72,2
DA:74,2
DA:75,2
DA:77,2
DA:78,2
DA:86,17
DA:89,5
LF:38
LH:38
BRDA:25,0,0,3
BRDA:25,0,1,1
BRDA:38,1,0,1
BRDA:38,1,1,3
BRDA:38,2,0,4
BRDA:38,2,1,3
BRDA:55,3,0,1
BRDA:55,3,1,8
BRDA:55,4,0,9
BRDA:55,4,1,3
BRDA:59,5,0,6
BRDA:59,5,1,2
BRDA:70,6,0,2
BRDA:70,6,1,2
BRDA:70,6,2,2
BRDA:70,7,0,6
BRDA:70,7,1,0
BRDA:73,8,0,4
BRDA:73,8,1,0
BRDA:76,9,0,2
BRDA:76,9,1,0
BRF:21
BRH:18
end_of_record
